c:\users\antho\onedrive\bureau\manipulationgraphes_qi27_31-05-2023\manipulationgraphes\x64\release\vc141.pdb
c:\users\antho\onedrive\bureau\manipulationgraphes_qi27_31-05-2023\manipulationgraphes\x64\release\test.obj
c:\users\antho\onedrive\bureau\manipulationgraphes_qi27_31-05-2023\manipulationgraphes\x64\release\csommet.obj
c:\users\antho\onedrive\bureau\manipulationgraphes_qi27_31-05-2023\manipulationgraphes\x64\release\cgraphe.obj
c:\users\antho\onedrive\bureau\manipulationgraphes_qi27_31-05-2023\manipulationgraphes\x64\release\cfichiergraphe.obj
c:\users\antho\onedrive\bureau\manipulationgraphes_qi27_31-05-2023\manipulationgraphes\x64\release\cexception.obj
c:\users\antho\onedrive\bureau\manipulationgraphes_qi27_31-05-2023\manipulationgraphes\x64\release\carc.obj
c:\users\antho\onedrive\bureau\manipulationgraphes_qi27_31-05-2023\manipulationgraphes\x64\release\cgestiongraphe.obj
c:\users\antho\onedrive\bureau\manipulationgraphes_qi27_31-05-2023\manipulationgraphes\x64\release\cgestioncouleursommet.obj
c:\users\antho\onedrive\bureau\manipulationgraphes_qi27_31-05-2023\manipulationgraphes\x64\release\cgestioncouleurgraphe.obj
c:\users\antho\onedrive\bureau\manipulationgraphes_qi27_31-05-2023\manipulationgraphes\x64\release\cafficherexception.obj
c:\users\antho\onedrive\bureau\manipulationgraphes_qi27_31-05-2023\x64\release\manipulationgraphes.exe
c:\users\antho\onedrive\bureau\manipulationgraphes_qi27_31-05-2023\x64\release\manipulationgraphes.pdb
c:\users\antho\onedrive\bureau\manipulationgraphes_qi27_31-05-2023\x64\release\manipulationgraphes.ipdb
c:\users\antho\onedrive\bureau\manipulationgraphes_qi27_31-05-2023\x64\release\manipulationgraphes.iobj
c:\users\antho\onedrive\bureau\manipulationgraphes_qi27_31-05-2023\manipulationgraphes\x64\release\manipula.d1b23ddf.tlog\cl.command.1.tlog
c:\users\antho\onedrive\bureau\manipulationgraphes_qi27_31-05-2023\manipulationgraphes\x64\release\manipula.d1b23ddf.tlog\cl.read.1.tlog
c:\users\antho\onedrive\bureau\manipulationgraphes_qi27_31-05-2023\manipulationgraphes\x64\release\manipula.d1b23ddf.tlog\cl.write.1.tlog
c:\users\antho\onedrive\bureau\manipulationgraphes_qi27_31-05-2023\manipulationgraphes\x64\release\manipula.d1b23ddf.tlog\link.command.1.tlog
c:\users\antho\onedrive\bureau\manipulationgraphes_qi27_31-05-2023\manipulationgraphes\x64\release\manipula.d1b23ddf.tlog\link.read.1.tlog
c:\users\antho\onedrive\bureau\manipulationgraphes_qi27_31-05-2023\manipulationgraphes\x64\release\manipula.d1b23ddf.tlog\link.write.1.tlog
c:\users\antho\onedrive\bureau\manipulationgraphes_qi27_31-05-2023\manipulationgraphes\x64\release\manipula.d1b23ddf.tlog\manipulationgraphes.write.1u.tlog
